1632359539077	geckodriver	INFO	Listening on 127.0.0.1:50162
1632753815641	geckodriver	INFO	Listening on 127.0.0.1:59332
1632753816165	mozrunner::runner	INFO	Running command: "C:\\Program Files\\Mozilla Firefox\\firefox.exe" "--marionette" "no-sandbox" "-headless" "-foreground" "-no-remote" "-profile" "C:\\Users\\lm\\AppData\\Local\\Temp\\rust_mozprofile73RdkB"
*** You are running in headless mode.
1632753818967	geckodriver	INFO	Listening on 127.0.0.1:56602
1632753819485	mozrunner::runner	INFO	Running command: "C:\\Program Files\\Mozilla Firefox\\firefox.exe" "--marionette" "no-sandbox" "-headless" "-foreground" "-no-remote" "-profile" "C:\\Users\\lm\\AppData\\Local\\Temp\\rust_mozprofileOlV3bB"
*** You are running in headless mode.
1632753822303	geckodriver	INFO	Listening on 127.0.0.1:58623
1632753822820	mozrunner::runner	INFO	Running command: "C:\\Program Files\\Mozilla Firefox\\firefox.exe" "--marionette" "no-sandbox" "-headless" "-foreground" "-no-remote" "-profile" "C:\\Users\\lm\\AppData\\Local\\Temp\\rust_mozprofileXMPZZg"
*** You are running in headless mode.
1632753824718	Marionette	INFO	Marionette enabled
[GFX1-]: RenderCompositorSWGL failed mapping default framebuffer, no dt
console.warn: SearchSettings: "get: No settings file exists, new profile?" (new NotFoundError("Could not open the file at C:\\Users\\lm\\AppData\\Local\\Temp\\rust_mozprofileXMPZZg\\search.json.mozlz4", (void 0)))
1632753832044	Marionette	INFO	Listening on port 58628
1632753832527	RemoteAgent	WARN	TLS certificate errors will be ignored for this session
JavaScript error: resource://gre/modules/XULStore.jsm, line 66: Error: Can't find profile directory.
JavaScript error: resource://gre/modules/XULStore.jsm, line 66: Error: Can't find profile directory.
JavaScript error: https://acuityplatform.com/Adserver/creative/if?bannerid=998115, line 1: SyntaxError: expected expression, got '<'
JavaScript error: , line 0: InvalidStateError: An attempt was made to use an object that is not, or is no longer, usable
JavaScript error: https://acuityplatform.com/Adserver/creative/if?bannerid=998115, line 1: SyntaxError: expected expression, got '<'
JavaScript error: , line 0: NetworkError: FetchEvent.respondWith() Promise rejected
JavaScript error: , line 0: NetworkError: FetchEvent.respondWith() Promise rejected
JavaScript error: , line 0: NetworkError: FetchEvent.respondWith() Promise rejected
JavaScript error: , line 0: NetworkError: FetchEvent.respondWith() Promise rejected
JavaScript error: , line 0: NetworkError: FetchEvent.respondWith() Promise rejected
JavaScript error: https://acuityplatform.com/Adserver/creative/if?bannerid=998115, line 1: SyntaxError: expected expression, got '<'
JavaScript error: , line 0: NetworkError: FetchEvent.respondWith() Promise rejected
JavaScript error: , line 0: NetworkError: FetchEvent.respondWith() Promise rejected
JavaScript error: , line 0: NetworkError: FetchEvent.respondWith() Promise rejected
JavaScript error: , line 0: NetworkError: FetchEvent.respondWith() Promise rejected
1632753868993	Marionette	INFO	Stopped listening on port 58628
JavaScript error: resource:///modules/Interactions.jsm, line 230: NS_ERROR_FAILURE: Component returned failure code: 0x80004005 (NS_ERROR_FAILURE) [nsIUserIdleService.removeIdleObserver]
1632753875994	geckodriver	INFO	Listening on 127.0.0.1:59131
1632753876498	mozrunner::runner	INFO	Running command: "C:\\Program Files\\Mozilla Firefox\\firefox.exe" "--marionette" "no-sandbox" "-headless" "-foreground" "-no-remote" "-profile" "C:\\Users\\lm\\AppData\\Local\\Temp\\rust_mozprofileLP8ABf"
*** You are running in headless mode.
1632753880468	Marionette	INFO	Marionette enabled
[GFX1-]: RenderCompositorSWGL failed mapping default framebuffer, no dt
console.warn: SearchSettings: "get: No settings file exists, new profile?" (new NotFoundError("Could not open the file at C:\\Users\\lm\\AppData\\Local\\Temp\\rust_mozprofileLP8ABf\\search.json.mozlz4", (void 0)))
1632753886943	Marionette	INFO	Listening on port 52192
1632753887286	RemoteAgent	WARN	TLS certificate errors will be ignored for this session
JavaScript error: resource://gre/modules/XULStore.jsm, line 66: Error: Can't find profile directory.
JavaScript error: resource://gre/modules/XULStore.jsm, line 66: Error: Can't find profile directory.
JavaScript error: https://acuityplatform.com/Adserver/creative/if?bannerid=998115, line 1: SyntaxError: expected expression, got '<'
JavaScript error: , line 0: InvalidStateError: An attempt was made to use an object that is not, or is no longer, usable
JavaScript error: https://acuityplatform.com/Adserver/creative/if?bannerid=998115, line 1: SyntaxError: expected expression, got '<'
JavaScript error: , line 0: NetworkError: FetchEvent.respondWith() Promise rejected
JavaScript error: , line 0: NetworkError: FetchEvent.respondWith() Promise rejected
JavaScript error: , line 0: NetworkError: FetchEvent.respondWith() Promise rejected
JavaScript error: , line 0: NetworkError: FetchEvent.respondWith() Promise rejected
JavaScript error: , line 0: NetworkError: FetchEvent.respondWith() Promise rejected
JavaScript error: , line 0: NetworkError: FetchEvent.respondWith() Promise rejected
JavaScript error: , line 0: NetworkError: FetchEvent.respondWith() Promise rejected
JavaScript error: , line 0: NetworkError: FetchEvent.respondWith() Promise rejected
JavaScript error: , line 0: NetworkError: FetchEvent.respondWith() Promise rejected
JavaScript error: , line 0: NetworkError: FetchEvent.respondWith() Promise rejected
JavaScript error: https://acuityplatform.com/Adserver/creative/if?bannerid=998115, line 1: SyntaxError: expected expression, got '<'
JavaScript error: , line 0: NetworkError: FetchEvent.respondWith() Promise rejected
JavaScript error: , line 0: NetworkError: FetchEvent.respondWith() Promise rejected
JavaScript error: , line 0: NetworkError: FetchEvent.respondWith() Promise rejected
JavaScript error: , line 0: NetworkError: FetchEvent.respondWith() Promise rejected
1632754341445	Marionette	INFO	Stopped listening on port 52192
JavaScript error: resource:///modules/Interactions.jsm, line 230: NS_ERROR_FAILURE: Component returned failure code: 0x80004005 (NS_ERROR_FAILURE) [nsIUserIdleService.removeIdleObserver]

###!!! [Parent][MessageChannel] Error: (msgtype=0x390077,name=PContent::Msg_DestroyBrowsingContextGroup) Closed channel: cannot send/recv

FX1-]: RenderCompositorSWGL failed mapping default framebuffer, no dt
console.warn: SearchSettings: "get: No settings file exists, new profile?" (new NotFoundError("Could not open the file at C:\\Users\\lm\\AppData\\Local\\Temp\\rust_mozprofilefcgvZB\\search.json.mozlz4", (void 0)))
1632753950511	Marionette	INFO	Listening on port 50402
1632753950616	RemoteAgent	WARN	TLS certificate errors will be ignored for this session
JavaScript error: resource://gre/modules/XULStore.jsm, line 66: Error: Can't find profile directory.
JavaScript error: resource://gre/modules/XULStore.jsm, line 66: Error: Can't find profile directory.
JavaScript error: https://acuityplatform.com/Adserver/creative/if?bannerid=998115, line 1: SyntaxError: expected expression, got '<'
JavaScript error: , line 0: InvalidStateError: An attempt was made to use an object that is not, or is no longer, usable
JavaScript error: , line 0: NetworkError: FetchEvent.respondWith() Promise rejected
JavaScript error: , line 0: NetworkError: FetchEvent.respondWith() Promise rejected
JavaScript error: https://acuityplatform.com/Adserver/creative/if?bannerid=998115, line 1: SyntaxError: expected expression, got '<'
JavaScript error: , line 0: NetworkError: FetchEvent.respondWith() Promise rejected
JavaScript error: , line 0: NetworkError: FetchEvent.respondWith() Promise rejected
JavaScript error: , line 0: NetworkError: FetchEvent.respondWith() Promise rejected
JavaScript error: , line 0: NetworkError: FetchEvent.respondWith() Promise rejected
JavaScript error: , line 0: NetworkError: FetchEvent.respondWith() Promise rejected
JavaScript error: , line 0: NetworkError: FetchEvent.respondWith() Promise rejected
JavaScript error: , line 0: NetworkError: FetchEvent.respondWith() Promise rejected
JavaScript error: , line 0: NetworkError: FetchEvent.respondWith() Promise rejected
JavaScript error: , line 0: NetworkError: FetchEvent.respondWith() Promise rejected
JavaScript error: , line 0: NetworkError: FetchEvent.respondWith() Promise rejected
JavaScript error: https://acuityplatform.com/Adserver/creative/if?bannerid=998115, line 1: SyntaxError: expected expression, got '<'
JavaScript error: , line 0: NetworkError: FetchEvent.respondWith() Promise rejected
JavaScript error: , line 0: NetworkError: FetchEvent.respondWith() Promise rejected
JavaScript error: , line 0: NetworkError: FetchEvent.respondWith() Promise rejected
JavaScript error: , line 0: NetworkError: FetchEvent.respondWith() Promise rejected
JavaScript error: , line 0: NetworkError: FetchEvent.respondWith() Promise rejected
1632754114818	Marionette	INFO	Stopped listening on port 50402
JavaScript error: resource:///modules/Interactions.jsm, line 230: NS_ERROR_FAILURE: Component returned failure code: 0x80004005 (NS_ERROR_FAILURE) [nsIUserIdleService.removeIdleObserver]
s\\lm\\AppData\\Local\\Temp\\rust_mozprofileWNjRtN"
*** You are running in headless mode.
1632753997797	Marionette	INFO	Marionette enabled
[GFX1-]: RenderCompositorSWGL failed mapping default framebuffer, no dt
console.warn: SearchSettings: "get: No settings file exists, new profile?" (new NotFoundError("Could not open the file at C:\\Users\\lm\\AppData\\Local\\Temp\\rust_mozprofileWNjRtN\\search.json.mozlz4", (void 0)))
1632754003104	Marionette	INFO	Listening on port 53342
1632754003567	RemoteAgent	WARN	TLS certificate errors will be ignored for this session
JavaScript error: resource://gre/modules/XULStore.jsm, line 66: Error: Can't find profile directory.
JavaScript error: resource://gre/modules/XULStore.jsm, line 66: Error: Can't find profile directory.
JavaScript error: https://acuityplatform.com/Adserver/creative/if?bannerid=998115, line 1: SyntaxError: expected expression, got '<'
JavaScript error: https://acuityplatform.com/Adserver/creative/if?bannerid=998115, line 1: SyntaxError: expected expression, got '<'
JavaScript error: , line 0: NetworkError: FetchEvent.respondWith() Promise rejected
JavaScript error: , line 0: NetworkError: FetchEvent.respondWith() Promise rejected
JavaScript error: , line 0: NetworkError: FetchEvent.respondWith() Promise rejected
JavaScript error: , line 0: NetworkError: FetchEvent.respondWith() Promise rejected
JavaScript error: , line 0: NetworkError: FetchEvent.respondWith() Promise rejected
JavaScript error: https://acuityplatform.com/Adserver/creative/if?bannerid=998115, line 1: SyntaxError: expected expression, got '<'
JavaScript error: , line 0: NetworkError: FetchEvent.respondWith() Promise rejected
JavaScript error: , line 0: NetworkError: FetchEvent.respondWith() Promise rejected
JavaScript error: , line 0: NetworkError: FetchEvent.respondWith() Promise rejected
JavaScript error: , line 0: NetworkError: FetchEvent.respondWith() Promise rejected
JavaScript error: , line 0: NetworkError: FetchEvent.respondWith() Promise rejected
1632754346053	Marionette	INFO	Stopped listening on port 53342
JavaScript error: resource:///modules/Interactions.jsm, line 230: NS_ERROR_FAILURE: Component returned failure code: 0x80004005 (NS_ERROR_FAILURE) [nsIUserIdleService.removeIdleObserver]

###!!! [Parent][MessageChannel] Error: (msgtype=0x390077,name=PContent::Msg_DestroyBrowsingContextGroup) Closed channel: cannot send/recv

FX1-]: RenderCompositorSWGL failed mapping default framebuffer, no dt
console.warn: SearchSettings: "get: No settings file exists, new profile?" (new NotFoundError("Could not open the file at C:\\Users\\lm\\AppData\\Local\\Temp\\rust_mozprofilec9DRJv\\search.json.mozlz4", (void 0)))
1632754062348	Marionette	INFO	Listening on port 59599
1632754062709	RemoteAgent	WARN	TLS certificate errors will be ignored for this session
JavaScript error: resource://gre/modules/XULStore.jsm, line 66: Error: Can't find profile directory.
JavaScript error: resource://gre/modules/XULStore.jsm, line 66: Error: Can't find profile directory.
JavaScript error: https://acuityplatform.com/Adserver/creative/if?bannerid=998115, line 1: SyntaxError: expected expression, got '<'
JavaScript error: , line 0: NetworkError: FetchEvent.respondWith() Promise rejected
JavaScript error: , line 0: NetworkError: FetchEvent.respondWith() Promise rejected
JavaScript error: https://acuityplatform.com/Adserver/creative/if?bannerid=998115, line 1: SyntaxError: expected expression, got '<'
JavaScript error: , line 0: NetworkError: FetchEvent.respondWith() Promise rejected
JavaScript error: , line 0: NetworkError: FetchEvent.respondWith() Promise rejected
JavaScript error: , line 0: NetworkError: FetchEvent.respondWith() Promise rejected
JavaScript error: , line 0: NetworkError: FetchEvent.respondWith() Promise rejected
JavaScript error: , line 0: NetworkError: FetchEvent.respondWith() Promise rejected
JavaScript error: , line 0: NetworkError: FetchEvent.respondWith() Promise rejected
JavaScript error: https://acuityplatform.com/Adserver/creative/if?bannerid=998115, line 1: SyntaxError: expected expression, got '<'
JavaScript error: , line 0: NetworkError: FetchEvent.respondWith() Promise rejected
JavaScript error: , line 0: NetworkError: FetchEvent.respondWith() Promise rejected
JavaScript error: , line 0: NetworkError: FetchEvent.respondWith() Promise rejected
JavaScript error: https://acuityplatform.com/Adserver/creative/if?bannerid=998115, line 1: SyntaxError: expected expression, got '<'
JavaScript error: , line 0: NetworkError: FetchEvent.respondWith() Promise rejected
JavaScript error: , line 0: NetworkError: FetchEvent.respondWith() Promise rejected
JavaScript error: , line 0: NetworkError: FetchEvent.respondWith() Promise rejected
JavaScript error: , line 0: NetworkError: FetchEvent.respondWith() Promise rejected
JavaScript error: , line 0: NetworkError: FetchEvent.respondWith() Promise rejected
console.log: WebExtensions: reset-default-search: starting.
console.log: WebExtensions: reset-default-search: No addons in our list are installed.
1632754657672	Marionette	INFO	Stopped listening on port 59599
JavaScript error: resource:///modules/Interactions.jsm, line 230: NS_ERROR_FAILURE: Component returned failure code: 0x80004005 (NS_ERROR_FAILURE) [nsIUserIdleService.removeIdleObserver]

###!!! [Parent][MessageChannel] Error: (msgtype=0x390077,name=PContent::Msg_DestroyBrowsingContextGroup) Closed channel: cannot send/recv


###!!! [Child][MessageChannel] Error: (msgtype=0x23002F,name=PBrowser::Msg___delete__) Channel closing: too late to send/recv, messages will be lost


###!!! [Child][MessageChannel] Error: (msgtype=0xA80006,name=PWebSocket::Msg_DeleteSelf) Channel closing: too late to send/recv, messages will be lost


###!!! [Child][MessageChannel] Error: (msgtype=0x390142,name=PContent::Msg_ScriptError) Channel closing: too late to send/recv, messages will be lost


###!!! [Child][MessageChannel] Error: (msgtype=0xA80006,name=PWebSocket::Msg_DeleteSelf) Channel closing: too late to send/recv, messages will be lost

aScript error: , line 0: InvalidStateError: An attempt was made to use an object that is not, or is no longer, usable
JavaScript error: https://acuityplatform.com/Adserver/creative/if?bannerid=998115, line 1: SyntaxError: expected expression, got '<'
JavaScript error: , line 0: NetworkError: FetchEvent.respondWith() Promise rejected
JavaScript error: , line 0: NetworkError: FetchEvent.respondWith() Promise rejected
JavaScript error: , line 0: NetworkError: FetchEvent.respondWith() Promise rejected
JavaScript error: , line 0: NetworkError: FetchEvent.respondWith() Promise rejected
JavaScript error: , line 0: NetworkError: FetchEvent.respondWith() Promise rejected
JavaScript error: https://acuityplatform.com/Adserver/creative/if?bannerid=998115, line 1: SyntaxError: expected expression, got '<'
JavaScript error: , line 0: NetworkError: FetchEvent.respondWith() Promise rejected
JavaScript error: , line 0: NetworkError: FetchEvent.respondWith() Promise rejected
JavaScript error: , line 0: NetworkError: FetchEvent.respondWith() Promise rejected
JavaScript error: , line 0: NetworkError: FetchEvent.respondWith() Promise rejected
1632754276700	Marionette	INFO	Stopped listening on port 54557
JavaScript error: resource:///modules/Interactions.jsm, line 230: NS_ERROR_FAILURE: Component returned failure code: 0x80004005 (NS_ERROR_FAILURE) [nsIUserIdleService.removeIdleObserver]

###!!! [Parent][MessageChannel] Error: (msgtype=0x390077,name=PContent::Msg_DestroyBrowsingContextGroup) Closed channel: cannot send/recv

FX1-]: RenderCompositorSWGL failed mapping default framebuffer, no dt
console.warn: SearchSettings: "get: No settings file exists, new profile?" (new NotFoundError("Could not open the file at C:\\Users\\lm\\AppData\\Local\\Temp\\rust_mozprofilei5kABw\\search.json.mozlz4", (void 0)))
1632754178203	Marionette	INFO	Listening on port 54657
1632754178630	RemoteAgent	WARN	TLS certificate errors will be ignored for this session
JavaScript error: resource://gre/modules/XULStore.jsm, line 66: Error: Can't find profile directory.
JavaScript error: resource://gre/modules/XULStore.jsm, line 66: Error: Can't find profile directory.
JavaScript error: https://acuityplatform.com/Adserver/creative/if?bannerid=998115, line 1: SyntaxError: expected expression, got '<'
JavaScript error: , line 0: InvalidStateError: An attempt was made to use an object that is not, or is no longer, usable
JavaScript error: https://acuityplatform.com/Adserver/creative/if?bannerid=998115, line 1: SyntaxError: expected expression, got '<'
JavaScript error: , line 0: NetworkError: FetchEvent.respondWith() Promise rejected
JavaScript error: , line 0: NetworkError: FetchEvent.respondWith() Promise rejected
JavaScript error: , line 0: NetworkError: FetchEvent.respondWith() Promise rejected
JavaScript error: , line 0: NetworkError: FetchEvent.respondWith() Promise rejected
JavaScript error: , line 0: NetworkError: FetchEvent.respondWith() Promise rejected
JavaScript error: , line 0: NetworkError: FetchEvent.respondWith() Promise rejected
JavaScript error: https://acuityplatform.com/Adserver/creative/if?bannerid=998115, line 1: SyntaxError: expected expression, got '<'
JavaScript error: , line 0: NetworkError: FetchEvent.respondWith() Promise rejected
JavaScript error: , line 0: NetworkError: FetchEvent.respondWith() Promise rejected
JavaScript error: , line 0: NetworkError: FetchEvent.respondWith() Promise rejected
JavaScript error: , line 0: NetworkError: FetchEvent.respondWith() Promise rejected
JavaScript error: , line 0: NetworkError: FetchEvent.respondWith() Promise rejected
1632754280694	Marionette	INFO	Stopped listening on port 54657
JavaScript error: resource:///modules/Interactions.jsm, line 230: NS_ERROR_FAILURE: Component returned failure code: 0x80004005 (NS_ERROR_FAILURE) [nsIUserIdleService.removeIdleObserver]

###!!! [Parent][MessageChannel] Error: (msgtype=0x390077,name=PContent::Msg_DestroyBrowsingContextGroup) Closed channel: cannot send/recv

FX1-]: RenderCompositorSWGL failed mapping default framebuffer, no dt
console.warn: SearchSettings: "get: No settings file exists, new profile?" (new NotFoundError("Could not open the file at C:\\Users\\lm\\AppData\\Local\\Temp\\rust_mozprofileMWq64X\\search.json.mozlz4", (void 0)))
JavaScript error: , line 0: QuotaExceededError: The current transaction exceeded its quota limitations.
1632754235739	Marionette	INFO	Listening on port 55819
1632754235971	RemoteAgent	WARN	TLS certificate errors will be ignored for this session
JavaScript error: resource://gre/modules/XULStore.jsm, line 66: Error: Can't find profile directory.
JavaScript error: resource://gre/modules/XULStore.jsm, line 66: Error: Can't find profile directory.
JavaScript error: https://ca.cdn.hifyreretail.com/web/production/2.14.1/05f7b282a72a4c6d06d8d5155822d8f82019ad86/ecom/js/app.js, line 2: QuotaExceededError: The quota has been exceeded.
JavaScript error: https://acuityplatform.com/Adserver/creative/if?bannerid=998115, line 1: SyntaxError: expected expression, got '<'
JavaScript error: https://acuityplatform.com/Adserver/creative/if?bannerid=998115, line 1: SyntaxError: expected expression, got '<'
JavaScript error: https://acuityplatform.com/Adserver/creative/if?bannerid=998115, line 1: SyntaxError: expected expression, got '<'
JavaScript error: https://acuityplatform.com/Adserver/creative/if?bannerid=998115, line 1: SyntaxError: expected expression, got '<'
1632754286120	Marionette	INFO	Stopped listening on port 55819
JavaScript error: resource:///modules/Interactions.jsm, line 230: NS_ERROR_FAILURE: Component returned failure code: 0x80004005 (NS_ERROR_FAILURE) [nsIUserIdleService.removeIdleObserver]

###!!! [Parent][MessageChannel] Error: (msgtype=0x390077,name=PContent::Msg_DestroyBrowsingContextGroup) Closed channel: cannot send/recv


###!!! [Child][MessageChannel] Error: (msgtype=0x23002F,name=PBrowser::Msg___delete__) Channel closing: too late to send/recv, messages will be lost

JavaScript error: resource://gre/modules/CrashManager.jsm, line 829: AbortError: IOUtils: Shutting down and refusing additional I/O tasks
1632754288356	geckodriver	INFO	Listening on 127.0.0.1:51043
1632754288911	mozrunner::runner	INFO	Running command: "C:\\Program Files\\Mozilla Firefox\\firefox.exe" "--marionette" "no-sandbox" "-headless" "-foreground" "-no-remote" "-profile" "C:\\Users\\lm\\AppData\\Local\\Temp\\rust_mozprofileyMnWJx"
*** You are running in headless mode.
1632754290548	Marionette	INFO	Marionette enabled
[GFX1-]: RenderCompositorSWGL failed mapping default framebuffer, no dt
console.warn: SearchSettings: "get: No settings file exists, new profile?" (new NotFoundError("Could not open the file at C:\\Users\\lm\\AppData\\Local\\Temp\\rust_mozprofileyMnWJx\\search.json.mozlz4", (void 0)))
1632754294388	Marionette	INFO	Listening on port 51049
1632754294533	RemoteAgent	WARN	TLS certificate errors will be ignored for this session
JavaScript error: resource://gre/modules/XULStore.jsm, line 66: Error: Can't find profile directory.
JavaScript error: resource://gre/modules/XULStore.jsm, line 66: Error: Can't find profile directory.
JavaScript error: https://acuityplatform.com/Adserver/creative/if?bannerid=998115, line 1: SyntaxError: expected expression, got '<'
JavaScript error: https://acuityplatform.com/Adserver/creative/if?bannerid=998115, line 1: SyntaxError: expected expression, got '<'
JavaScript error: , line 0: NetworkError: FetchEvent.respondWith() Promise rejected
JavaScript error: , line 0: NetworkError: FetchEvent.respondWith() Promise rejected
JavaScript error: , line 0: NetworkError: FetchEvent.respondWith() Promise rejected
JavaScript error: , line 0: NetworkError: FetchEvent.respondWith() Promise rejected
JavaScript error: , line 0: NetworkError: FetchEvent.respondWith() Promise rejected
JavaScript error: https://acuityplatform.com/Adserver/creative/if?bannerid=998115, line 1: SyntaxError: expected expression, got '<'
JavaScript error: , line 0: NetworkError: FetchEvent.respondWith() Promise rejected
JavaScript error: , line 0: NetworkError: FetchEvent.respondWith() Promise rejected
JavaScript error: , line 0: NetworkError: FetchEvent.respondWith() Promise rejected
JavaScript error: , line 0: NetworkError: FetchEvent.respondWith() Promise rejected
JavaScript error: , line 0: NetworkError: FetchEvent.respondWith() Promise rejected
1632754662549	Marionette	INFO	Stopped listening on port 51049
JavaScript error: resource:///modules/Interactions.jsm, line 230: NS_ERROR_FAILURE: Component returned failure code: 0x80004005 (NS_ERROR_FAILURE) [nsIUserIdleService.removeIdleObserver]

###!!! [Parent][MessageChannel] Error: (msgtype=0x390077,name=PContent::Msg_DestroyBrowsingContextGroup) Closed channel: cannot send/recv


###!!! [Child][RunMessage] Error: Channel closing: too late to send/recv, messages will be lost

"get: No settings file exists, new profile?" (new NotFoundError("Could not open the file at C:\\Users\\lm\\AppData\\Local\\Temp\\rust_mozprofileLMUhzD\\search.json.mozlz4", (void 0)))
1632754356556	Marionette	INFO	Listening on port 49726
1632754356881	RemoteAgent	WARN	TLS certificate errors will be ignored for this session
JavaScript error: resource://gre/modules/XULStore.jsm, line 66: Error: Can't find profile directory.
JavaScript error: resource://gre/modules/XULStore.jsm, line 66: Error: Can't find profile directory.
JavaScript error: https://acuityplatform.com/Adserver/creative/if?bannerid=998115, line 1: SyntaxError: expected expression, got '<'
JavaScript error: https://acuityplatform.com/Adserver/creative/if?bannerid=998115, line 1: SyntaxError: expected expression, got '<'
JavaScript error: , line 0: NetworkError: FetchEvent.respondWith() Promise rejected
JavaScript error: , line 0: NetworkError: FetchEvent.respondWith() Promise rejected
JavaScript error: , line 0: NetworkError: FetchEvent.respondWith() Promise rejected
JavaScript error: , line 0: NetworkError: FetchEvent.respondWith() Promise rejected
JavaScript error: , line 0: NetworkError: FetchEvent.respondWith() Promise rejected
JavaScript error: https://acuityplatform.com/Adserver/creative/if?bannerid=998115, line 1: SyntaxError: expected expression, got '<'
JavaScript error: , line 0: NetworkError: FetchEvent.respondWith() Promise rejected
JavaScript error: , line 0: NetworkError: FetchEvent.respondWith() Promise rejected
JavaScript error: , line 0: NetworkError: FetchEvent.respondWith() Promise rejected
JavaScript error: , line 0: NetworkError: FetchEvent.respondWith() Promise rejected
1632754665679	Marionette	INFO	Stopped listening on port 49726
JavaScript error: resource:///modules/Interactions.jsm, line 230: NS_ERROR_FAILURE: Component returned failure code: 0x80004005 (NS_ERROR_FAILURE) [nsIUserIdleService.removeIdleObserver]

###!!! [Parent][MessageChannel] Error: (msgtype=0x390077,name=PContent::Msg_DestroyBrowsingContextGroup) Closed channel: cannot send/recv


###!!! [Child][RunMessage] Error: Channel closing: too late to send/recv, messages will be lost

"get: No settings file exists, new profile?" (new NotFoundError("Could not open the file at C:\\Users\\lm\\AppData\\Local\\Temp\\rust_mozprofileHHdQJT\\search.json.mozlz4", (void 0)))
1632754404357	Marionette	INFO	Listening on port 65028
1632754404509	RemoteAgent	WARN	TLS certificate errors will be ignored for this session
JavaScript error: resource://gre/modules/XULStore.jsm, line 66: Error: Can't find profile directory.
JavaScript error: resource://gre/modules/XULStore.jsm, line 66: Error: Can't find profile directory.
JavaScript error: https://acuityplatform.com/Adserver/creative/if?bannerid=998115, line 1: SyntaxError: expected expression, got '<'
JavaScript error: https://acuityplatform.com/Adserver/creative/if?bannerid=998115, line 1: SyntaxError: expected expression, got '<'
JavaScript error: , line 0: NetworkError: FetchEvent.respondWith() Promise rejected
JavaScript error: , line 0: NetworkError: FetchEvent.respondWith() Promise rejected
JavaScript error: , line 0: NetworkError: FetchEvent.respondWith() Promise rejected
JavaScript error: https://acuityplatform.com/Adserver/creative/if?bannerid=998115, line 1: SyntaxError: expected expression, got '<'
JavaScript error: , line 0: NetworkError: FetchEvent.respondWith() Promise rejected
JavaScript error: , line 0: NetworkError: FetchEvent.respondWith() Promise rejected
JavaScript error: , line 0: NetworkError: FetchEvent.respondWith() Promise rejected
JavaScript error: https://acuityplatform.com/Adserver/creative/if?bannerid=998115, line 1: SyntaxError: expected expression, got '<'
JavaScript error: , line 0: NetworkError: FetchEvent.respondWith() Promise rejected
JavaScript error: , line 0: NetworkError: FetchEvent.respondWith() Promise rejected
JavaScript error: , line 0: NetworkError: FetchEvent.respondWith() Promise rejected
JavaScript error: , line 0: NetworkError: FetchEvent.respondWith() Promise rejected
1632754748020	Marionette	INFO	Stopped listening on port 65028
JavaScript error: resource:///modules/Interactions.jsm, line 230: NS_ERROR_FAILURE: Component returned failure code: 0x80004005 (NS_ERROR_FAILURE) [nsIUserIdleService.removeIdleObserver]

###!!! [Parent][MessageChannel] Error: (msgtype=0x390077,name=PContent::Msg_DestroyBrowsingContextGroup) Closed channel: cannot send/recv

FX1-]: RenderCompositorSWGL failed mapping default framebuffer, no dt
console.warn: SearchSettings: "get: No settings file exists, new profile?" (new NotFoundError("Could not open the file at C:\\Users\\lm\\AppData\\Local\\Temp\\rust_mozprofileAwbV6w\\search.json.mozlz4", (void 0)))
1632754472975	Marionette	INFO	Listening on port 58119
1632754473495	RemoteAgent	WARN	TLS certificate errors will be ignored for this session
JavaScript error: resource://gre/modules/XULStore.jsm, line 66: Error: Can't find profile directory.
JavaScript error: resource://gre/modules/XULStore.jsm, line 66: Error: Can't find profile directory.
JavaScript error: https://acuityplatform.com/Adserver/creative/if?bannerid=998115, line 1: SyntaxError: expected expression, got '<'
JavaScript error: , line 0: InvalidStateError: An attempt was made to use an object that is not, or is no longer, usable
JavaScript error: https://acuityplatform.com/Adserver/creative/if?bannerid=998115, line 1: SyntaxError: expected expression, got '<'
JavaScript error: , line 0: NetworkError: FetchEvent.respondWith() Promise rejected
JavaScript error: , line 0: NetworkError: FetchEvent.respondWith() Promise rejected
JavaScript error: , line 0: NetworkError: FetchEvent.respondWith() Promise rejected
JavaScript error: , line 0: NetworkError: FetchEvent.respondWith() Promise rejected
JavaScript error: , line 0: NetworkError: FetchEvent.respondWith() Promise rejected
JavaScript error: https://acuityplatform.com/Adserver/creative/if?bannerid=998115, line 1: SyntaxError: expected expression, got '<'
JavaScript error: , line 0: NetworkError: FetchEvent.respondWith() Promise rejected
JavaScript error: , line 0: NetworkError: FetchEvent.respondWith() Promise rejected
JavaScript error: , line 0: NetworkError: FetchEvent.respondWith() Promise rejected
JavaScript error: , line 0: NetworkError: FetchEvent.respondWith() Promise rejected
JavaScript error: , line 0: NetworkError: FetchEvent.respondWith() Promise rejected
1632754752207	Marionette	INFO	Stopped listening on port 58119
JavaScript error: resource:///modules/Interactions.jsm, line 230: NS_ERROR_FAILURE: Component returned failure code: 0x80004005 (NS_ERROR_FAILURE) [nsIUserIdleService.removeIdleObserver]

###!!! [Parent][MessageChannel] Error: (msgtype=0x390077,name=PContent::Msg_DestroyBrowsingContextGroup) Closed channel: cannot send/recv


###!!! [Child][RunMessage] Error: Channel closing: too late to send/recv, messages will be lost

"get: No settings file exists, new profile?" (new NotFoundError("Could not open the file at C:\\Users\\lm\\AppData\\Local\\Temp\\rust_mozprofileufPfNY\\search.json.mozlz4", (void 0)))
1632754536240	Marionette	INFO	Listening on port 53104
1632754536565	RemoteAgent	WARN	TLS certificate errors will be ignored for this session
JavaScript error: resource://gre/modules/XULStore.jsm, line 66: Error: Can't find profile directory.
JavaScript error: resource://gre/modules/XULStore.jsm, line 66: Error: Can't find profile directory.
JavaScript error: https://acuityplatform.com/Adserver/creative/if?bannerid=998115, line 1: SyntaxError: expected expression, got '<'
JavaScript error: https://acuityplatform.com/Adserver/creative/if?bannerid=998115, line 1: SyntaxError: expected expression, got '<'
JavaScript error: , line 0: NetworkError: FetchEvent.respondWith() Promise rejected
JavaScript error: , line 0: NetworkError: FetchEvent.respondWith() Promise rejected
JavaScript error: , line 0: NetworkError: FetchEvent.respondWith() Promise rejected
JavaScript error: , line 0: NetworkError: FetchEvent.respondWith() Promise rejected
JavaScript error: , line 0: NetworkError: FetchEvent.respondWith() Promise rejected
JavaScript error: , line 0: NetworkError: FetchEvent.respondWith() Promise rejected
JavaScript error: , line 0: NetworkError: FetchEvent.respondWith() Promise rejected
JavaScript error: , line 0: NetworkError: FetchEvent.respondWith() Promise rejected
JavaScript error: https://acuityplatform.com/Adserver/creative/if?bannerid=998115, line 1: SyntaxError: expected expression, got '<'
JavaScript error: , line 0: NetworkError: FetchEvent.respond1632754588504	mozrunner::runner	INFO	Running command: "C:\\Program Files\\Mozilla Firefox\\firefox.exe" "--marionette" "no-sandbox" "-headless" "-foreground" "-no-remote" "-profile" "C:\\Users\\lconsole.log: WebExtensions: reset-default-search: starting.
console.log: WebExtensions: reset-default-search: No addons in our list are installed.
JavaScript error: , line 0: uncaught exception: null
[Parent 63532, IPC I/O Parent] WARNING: pipe error: 232: file /builds/worker/checkouts/gecko/ipc/chromium/src/chrome/common/ipc_channel_win.cc:544

###!!! [Parent][MessageChannel] Error: (msgtype=0x9F0001,name=PVsync::Msg_Notify) Channel error: cannot send/recv

rt 53550
1632754598585	RemoteAgent	WARN	TLS certificate errors will be ignored for this session
JavaScript error: resource://gre/modules/XULStore.jsm, line 66: Error: Can't find profile directory.
JavaScript error: resource://gre/modules/XULStore.jsm, line 66: Error: Can't find profile directory.
JavaScript error: https://acuityplatform.com/Adserver/creative/if?bannerid=998115, line 1: SyntaxError: expected expression, got '<'
JavaScript error: https://acuityplatform.com/Adserver/creative/if?bannerid=998115, line 1: SyntaxError: expected expression, got '<'
JavaScript error: , line 0: NetworkError: FetchEvent.respondWith() Promise rejected
JavaScript error: , line 0: NetworkError: FetchEvent.respondWith() Promise rejected
JavaScript error: , line 0: NetworkError: FetchEvent.respondWith() Promise rejected
JavaScript error: https://acuityplatform.com/Adserver/creative/if?bannerid=998115, line 1: SyntaxError: expected expression, got '<'
JavaScript error: , line 0: NetworkError: FetchEvent.respondWith() Promise rejected
JavaScript error: , line 0: NetworkError: FetchEvent.respondWith() Promise rejected
JavaScript error: , line 0: NetworkError: FetchEvent.respondWith() Promise rejected
JavaScript error: , line 0: NetworkError: FetchEvent.respondWith() Promise rejected
JavaScript error: , line 0: NetworkError: FetchEvent.respondWith() Promise rejected
JavaScript error: , line 0: NetworkError: FetchEvent.respondWith() Promise rejected
JavaScript error: , line 0: NetworkError: FetchEvent.respondWith() Promise rejected
JavaScript error: https://acuityplatform.com/Adserver/creative/if?bannerid=998115, line 1: SyntaxError: expected expression, got '<'
JavaScript error: , line 0: NetworkError: FetchEvent.respondWith() Promise rejected
JavaScript error: , line 0: NetworkError: FetchEvent.respondWith() Promise rejected
JavaScript error: , line 0: NetworkError: FetchEvent.respondWith() Promise rejected
JavaScript error: , line 0: NetworkError: FetchEvent.respondWith() Promise rejected
1632754755896	Marionette	INFO	Stopped listening on port 53550
JavaScript error: resource:///modules/Interactions.jsm, line 230: NS_ERROR_FAILURE: Component returned failure code: 0x80004005 (NS_ERROR_FAILURE) [nsIUserIdleService.removeIdleObserver]

###!!! [Child][RunMessage] Error: Channel closing: too late to send/recv, messages will be lost


###!!! [Parent][MessageChannel] Error: (msgtype=0x390077,name=PContent::Msg_DestroyBrowsingContextGroup) Closed channel: cannot send/recv

"get: No settings file exists, new profile?" (new NotFoundError("Could not open the file at C:\\Users\\lm\\AppData\\Local\\Temp\\rust_mozprofileMtGUZB\\search.json.mozlz4", (void 0)))
1632754690652	Marionette	INFO	Listening on port 58748
1632754690939	RemoteAgent	WARN	TLS certificate errors will be ignored for this session
JavaScript error: resource://gre/modules/XULStore.jsm, line 66: Error: Can't find profile directory.
JavaScript error: resource://gre/modules/XULStore.jsm, line 66: Error: Can't find profile directory.
JavaScript error: https://acuityplatform.com/Adserver/creative/if?bannerid=998115, line 1: SyntaxError: expected expression, got '<'
JavaScript error: , line 0: InvalidStateError: An attempt was made to use an object that is not, or is no longer, usable
JavaScript error: https://acuityplatform.com/Adserver/creative/if?bannerid=998115, line 1: SyntaxError: expected expression, got '<'
JavaScript error: , line 0: NetworkError: FetchEvent.respondWith() Promise rejected
JavaScript error: , line 0: NetworkError: FetchEvent.respondWith() Promise rejected
JavaScript error: , line 0: NetworkError: FetchEvent.respondWith() Promise rejected
JavaScript error: , line 0: NetworkError: FetchEvent.respondWith() Promise rejected
JavaScript error: , line 0: NetworkError: FetchEvent.respondWith() Promise rejected
JavaScript error: , line 0: NetworkError: FetchEvent.respondWith() Promise rejected
JavaScript error: https://acuityplatform.com/Adserver/creative/if?bannerid=998115, line 1: SyntaxError: expected expression, got '<'
JavaScript error: , line 0: NetworkError: FetchEvent.respondWith() Promise rejected
JavaScript error: , line 0: NetworkError: FetchEvent.respondWith() Promise rejected
JavaScript error: , line 0: NetworkError: FetchEvent.respondWith() Promise rejected
JavaScript error: , line 0: NetworkError: FetchEvent.respondWith() Promise rejected
console.log: "RemoteSettingsWorker error: QuotaExceededError: IndexedDB:  execute() The current transaction exceeded its quota limitations."
console.error: services.settings: 
  Message: QuotaExceededError: IndexedDB: security-state/intermediates importChanges() IndexedDB:  importChanges() in security-state/intermediates The current transaction exceeded its quota limitations.
console.log: "RemoteSettingsWorker error: QuotaExceededError: IndexedDB:  execute() The current transaction exceeded its quota limitations."
console.error: services.settings: 
  Message: InvalidStateError: IndexedDB: security-state/onecrl importChanges() IndexedDB: collections, timestamps, records importChanges() in security-state/onecrl A mutation operation was attempted on a database that did not allow mutations.
  Stack:
    importChanges/<@resource://services-settings/Database.jsm:116:27
executeIDB/promise<@resource://services-settings/IDBHelpers.jsm:134:16
executeIDB@resource://services-settings/IDBHelpers.jsm:98:17
executeIDB@resource://services-settings/Database.jsm:366:45

console.log: WebExtensions: reset-default-search: starting.
console.log: WebExtensions: reset-default-search: No addons in our list are installed.
 use an object that is not, or is no longer, usable
JavaScript error: https://acuityplatform.com/Adserver/creative/if?bannerid=998115, line 1: SyntaxError: expected expression, got '<'
JavaScript error: , line 0: NetworkError: FetchEvent.respondWith() Promise rejected
JavaScript error: , line 0: NetworkError: FetchEvent.respondWith() Promise rejected
JavaScript error: , line 0: NetworkError: FetchEvent.respondWith() Promise rejected
JavaScript error: https://acuityplatform.com/Adserver/creative/if?bannerid=998115, line 1: SyntaxError: expected expression, got '<'
JavaScript error: , line 0: NetworkError: FetchEvent.respondWith() Promise rejected
JavaScript error: , line 0: NetworkError: FetchEvent.respondWith() Promise rejected
JavaScript error: , line 0: NetworkError: FetchEvent.respondWith() Promise rejected
JavaScript error: , line 0: NetworkError: FetchEvent.respondWith() Promise rejected
JavaScript error: https://acuityplatform.com/Adserver/creative/if?bannerid=998115, line 1: SyntaxError: expected expression, got '<'
JavaScript error: , line 0: NetworkError: FetchEvent.respondWith() Promise rejected
JavaScript error: , line 0: NetworkError: FetchEvent.respondWith() Promise rejected
JavaScript error: , line 0: NetworkError: FetchEvent.respondWith() Promise rejected
JavaScript error: , line 0: NetworkError: FetchEvent.respondWith() Promise rejected
1632754821457	Marionette	INFO	Stopped listening on port 51946
JavaScript error: resource:///modules/Interactions.jsm, line 230: NS_ERROR_FAILURE: Component returned failure code: 0x80004005 (NS_ERROR_FAILURE) [nsIUserIdleService.removeIdleObserver]
1632754825921	geckodriver	INFO	Listening on 127.0.0.1:54451
1632754826460	mozrunner::runner	INFO	Running command: "C:\\Program Files\\Mozilla Firefox\\firefox.exe" "--marionette" "no-sandbox" "-headless" "-foreground" "-no-remote" "-profile" "C:\\Users\\lm\\AppData\\Local\\Temp\\rust_mozprofilekCIi6J"
*** You are running in headless mode.
1632754828178	Marionette	INFO	Marionette enabled
[GFX1-]: RenderCompositorSWGL failed mapping default framebuffer, no dt
console.warn: SearchSettings: "get: No settings file exists, new profile?" (new NotFoundError("Could not open the file at C:\\Users\\lm\\AppData\\Local\\Temp\\rust_mozprofilekCIi6J\\search.json.mozlz4", (void 0)))
1632754832407	Marionette	INFO	Listening on port 50501
1632754832872	RemoteAgent	WARN	TLS certificate errors will be ignored for this session
JavaScript error: resource://gre/modules/XULStore.jsm, line 66: Error: Can't find profile directory.
JavaScript error: resource://gre/modules/XULStore.jsm, line 66: Error: Can't find profile directory.
JavaScript error: https://acuityplatform.com/Adserver/creative/if?bannerid=998115, line 1: SyntaxError: expected expression, got '<'
JavaScript error: , line 0: NetworkError: FetchEvent.respondWith() Promise rejected
JavaScript error: , line 0: NetworkError: FetchEvent.respondWith() Promise rejected
JavaScript error: https://acuityplatform.com/Adserver/creative/if?bannerid=998115, line 1: SyntaxError: expected expression, got '<'
JavaScript error: , line 0: NetworkError: FetchEvent.respondWith() Promise rejected
JavaScript error: , line 0: NetworkError: FetchEvent.respondWith() Promise rejected
JavaScript error: , line 0: NetworkError: FetchEvent.respondWith() Promise rejected
JavaScript error: , line 0: NetworkError: FetchEvent.respondWith() Promise rejected
JavaScript error: , line 0: NetworkError: FetchEvent.respondWith() Promise rejected
JavaScript error: , line 0: NetworkError: FetchEvent.respondWith() Promise rejected
JavaScript error: , line 0: NetworkError: FetchEvent.respondWith() Promise rejected
JavaScript error: https://acuityplatform.com/Adserver/creative/if?bannerid=998115, line 1: SyntaxError: expected expression, got '<'
JavaScript error: , line 0: NetworkError: FetchEvent.respondWith() Promise rejected
JavaScript error: , line 0: NetworkError: FetchEvent.respondWith() Promise rejected
JavaScript error: , line 0: NetworkError: FetchEvent.respondWith() Promise rejected
JavaScript error: , line 0: NetworkError: FetchEvent.respondWith() Promise rejected
JavaScript error: , line 0: NetworkError: FetchEvent.respondWith() Promise rejected
JavaScript error: https://acuityplatform.com/Adserver/creative/if?bannerid=998115, line 1: SyntaxError: expected expression, got '<'
JavaScript error: , line 0: NetworkError: FetchEvent.respondWith() Promise rejected
JavaScript error: , line 0: NetworkError: FetchEvent.respondWith() Promise rejected
JavaScript error: , line 0: NetworkError: FetchEvent.respondWith() Promise rejected
JavaScript error: , line 0: NetworkError: FetchEvent.respondWith() Promise rejected
1632755157381	Marionette	INFO	Stopped listening on port 50501
JavaScript error: resource:///modules/Interactions.jsm, line 230: NS_ERROR_FAILURE: Component returned failure code: 0x80004005 (NS_ERROR_FAILURE) [nsIUserIdleService.removeIdleObserver]

###!!! [Parent][MessageChannel] Error: (msgtype=0x390077,name=PContent::Msg_DestroyBrowsingContextGroup) Closed channel: cannot send/recv


###!!! [Child][RunMessage] Error: Channel closing: too late to send/recv, messages will be lost

"get: No settings file exists, new profile?" (new NotFoundError("Could not open the file at C:\\Users\\lm\\AppData\\Local\\Temp\\rust_mozprofileHZjafR\\search.json.mozlz4", (void 0)))
1632754893191	Marionette	INFO	Listening on port 63642
1632754893476	RemoteAgent	WARN	TLS certificate errors will be ignored for this session
JavaScript error: resource://gre/modules/XULStore.jsm, line 66: Error: Can't find profile directory.
JavaScript error: resource://gre/modules/XULStore.jsm, line 66: Error: Can't find profile directory.
JavaScript error: https://acuityplatform.com/Adserver/creative/if?bannerid=998115, line 1: SyntaxError: expected expression, got '<'
JavaScript error: , line 0: InvalidStateError: An attempt was made to use an object that is not, or is no longer, usable
JavaScript error: https://acuityplatform.com/Adserver/creative/if?bannerid=998115, line 1: SyntaxError: expected expression, got '<'
JavaScript error: , line 0: NetworkError: FetchEvent.respondWith() Promise rejected
JavaScript error: , line 0: NetworkError: FetchEvent.respondWith() Promise rejected
JavaScript error: , line 0: NetworkError: FetchEvent.respondWith() Promise rejected
JavaScript error: , line 0: NetworkError: FetchEvent.respondWith() Promise rejected
JavaScript error: https://acuityplatform.com/Adserver/creative/if?bannerid=998115, line 1: SyntaxError: expected expression, got '<'
JavaScript error: , line 0: NetworkError: FetchEvent.respondWith() Promise rejected
JavaScript error: , line 0: NetworkError: FetchEvent.respondWith() Promise rejected
JavaScript error: , line 0: NetworkError: FetchEvent.respondWith() Promise rejected
JavaScript error: , line 0: NetworkError: FetchEvent.respondWith() Promise rejected
JavaScript error: , line 0: NetworkError: FetchEvent.respondWith() Promise rejected
console.error: services.settings: 
  Message: AbortError: IndexedDB: security-state/intermediates importChanges() IndexedDB:  importChanges() in security-state/intermediates A request was aborted, for example through a call to IDBTransaction.abort.
console.error: services.settings: 
  Message: AbortError: IndexedDB: security-state/onecrl getLastModified() IndexedDB:  execute() A request was aborted, for example through a call to IDBTransaction.abort.
1632755395569	Marionette	INFO	Stopped listening on port 63642
JavaScript error: resource:///modules/Interactions.jsm, line 230: NS_ERROR_FAILURE: Component returned failure code: 0x80004005 (NS_ERROR_FAILURE) [nsIUserIdleService.removeIdleObserver]

###!!! [Parent][MessageChannel] Error: (msgtype=0x390077,name=PContent::Msg_DestroyBrowsingContextGroup) Closed channel: cannot send/recv

re/modules/XULStore.jsm, line 66: Error: Can't find profile directory.
JavaScript error: resource://gre/modules/XULStore.jsm, line 66: Error: Can't find profile directory.
JavaScript error: , line 0: InvalidStateError: An attempt was made to use an object that is not, or is no longer, usable
JavaScript error: https://acuityplatform.com/Adserver/creative/if?bannerid=998115, line 1: SyntaxError: expected expression, got '<'
JavaScript error: , line 0: NetworkError: FetchEvent.respondWith() Promise rejected
JavaScript error: , line 0: NetworkError: FetchEvent.respondWith() Promise rejected
JavaScript error: https://acuityplatform.com/Adserver/creative/if?bannerid=998115, line 1: SyntaxError: expected expression, got '<'
JavaScript error: , line 0: NetworkError: FetchEvent.respondWith() Promise rejected
JavaScript error: , line 0: NetworkError: FetchEvent.respondWith() Promise rejected
JavaScript error: , line 0: NetworkError: FetchEvent.respondWith() Promise rejected
JavaScript error: , line 0: NetworkError: FetchEvent.respondWith() Promise rejected
JavaScript error: , line 0: NetworkError: FetchEvent.respondWith() Promise rejected
JavaScript error: , line 0: NetworkError: FetchEvent.respondWith() Promise rejected
JavaScript error: https://acuityplatform.com/Adserver/creative/if?bannerid=998115, line 1: SyntaxError: expected expression, got '<'
JavaScript error: , line 0: NetworkError: FetchEvent.respondWith() Promise rejected
JavaScript error: , line 0: NetworkError: FetchEvent.respondWith() Promise rejected
JavaScript error: , line 0: NetworkError: FetchEvent.respondWith() Promise rejected
JavaScript error: , line 0: NetworkError: FetchEvent.respondWith() Promise rejected
1632755169599	Marionette	INFO	Stopped listening on port 56375
JavaScript error: resource:///modules/Interactions.jsm, line 230: NS_ERROR_FAILURE: Component returned failure code: 0x80004005 (NS_ERROR_FAILURE) [nsIUserIdleService.removeIdleObserver]

###!!! [Parent][MessageChannel] Error: (msgtype=0x390077,name=PContent::Msg_DestroyBrowsingContextGroup) Closed channel: cannot send/recv


###!!! [Child][MessageChannel] Error: (msgtype=0x23002F,name=PBrowser::Msg___delete__) Channel closing: too late to send/recv, messages will be lost

FoundError("Could not open the file at C:\\Users\\lm\\AppData\\Local\\Temp\\rust_mozprofileyPIa2f\\search.json.mozlz4", (void 0)))
1632754989506	Marionette	INFO	Listening on port 62788
1632754989984	RemoteAgent	WARN	TLS certificate errors will be ignored for this session
JavaScript error: resource://gre/modules/XULStore.jsm, line 66: Error: Can't find profile directory.
JavaScript error: resource://gre/modules/XULStore.jsm, line 66: Error: Can't find profile directory.
JavaScript error: https://acuityplatform.com/Adserver/creative/if?bannerid=998115, line 1: SyntaxError: expected expression, got '<'
JavaScript error: , line 0: InvalidStateError: An attempt was made to use an object that is not, or is no longer, usable
JavaScript error: https://acuityplatform.com/Adserver/creative/if?bannerid=998115, line 1: SyntaxError: expected expression, got '<'
JavaScript error: , line 0: NetworkError: FetchEvent.respondWith() Promise rejected
JavaScript error: , line 0: NetworkError: FetchEvent.respondWith() Promise rejected
JavaScript error: , line 0: NetworkError: FetchEvent.respondWith() Promise rejected
JavaScript error: , line 0: NetworkError: FetchEvent.respondWith() Promise rejected
JavaScript error: https://acuityplatform.com/Adserver/creative/if?bannerid=998115, line 1: SyntaxError: expected expression, got '<'
JavaScript error: , line 0: NetworkError: FetchEvent.respondWith() Promise rejected
JavaScript error: , line 0: NetworkError: FetchEvent.respondWith() Promise rejected
JavaScript error: , line 0: NetworkError: FetchEvent.respondWith() Promise rejected
JavaScript error: , line 0: NetworkError: FetchEvent.respondWith() Promise rejected
JavaScript error: , line 0: NetworkError: FetchEvent.respondWith() Promise rejected
console.error: services.settings: 
  Message: AbortError: IndexedDB: main/whats-new-panel getLastModified() IndexedDB:  execute() A request was aborted, for example through a call to IDBTransaction.abort.
1632755400268	Marionette	INFO	Stopped listening on port 62788
JavaScript error: resource:///modules/Interactions.jsm, line 230: NS_ERROR_FAILURE: Component returned failure code: 0x80004005 (NS_ERROR_FAILURE) [nsIUserIdleService.removeIdleObserver]

###!!! [Parent][MessageChannel] Error: (msgtype=0x390077,name=PContent::Msg_DestroyBrowsingContextGroup) Closed channel: cannot send/recv


###!!! [Child][RunMessage] Error: Channel closing: too late to send/recv, messages will be lost

te	INFO	Listening on port 51557
1632755048215	RemoteAgent	WARN	TLS certificate errors will be ignored for this session
JavaScript error: resource://gre/modules/XULStore.jsm, line 66: Error: Can't find profile directory.
JavaScript error: resource://gre/modules/XULStore.jsm, line 66: Error: Can't find profile directory.
JavaScript error: https://fireandflower.com/products/282, line 1949: SyntaxError: "" string literal contains an unescaped line break
JavaScript error: https://acuityplatform.com/Adserver/creative/if?bannerid=998115, line 1: SyntaxError: expected expression, got '<'
JavaScript error: https://fireandflower.com/products/282, line 2126: SyntaxError: "" string literal contains an unescaped line break
JavaScript error: , line 0: InvalidStateError: An attempt was made to use an object that is not, or is no longer, usable
JavaScript error: , line 0: NetworkError: FetchEvent.respondWith() Promise rejected
JavaScript error: , line 0: NetworkError: FetchEvent.respondWith() Promise rejected
JavaScript error: https://acuityplatform.com/Adserver/creative/if?bannerid=998115, line 1: SyntaxError: expected expression, got '<'
JavaScript error: , line 0: NetworkError: FetchEvent.respondWith() Promise rejected
JavaScript error: , line 0: NetworkError: FetchEvent.respondWith() Promise rejected
JavaScript error: , line 0: NetworkError: FetchEvent.respondWith() Promise rejected
JavaScript error: , line 0: NetworkError: FetchEvent.respondWith() Promise rejected
JavaScript error: , line 0: NetworkError: FetchEvent.respondWith() Promise rejected
JavaScript error: , line 0: NetworkError: FetchEvent.respondWith() Promise rejected
JavaScript error: , line 0: NetworkError: FetchEvent.respondWith() Promise rejected
JavaScript error: , line 0: NetworkError: FetchEvent.respondWith() Promise rejected
JavaScript error: https://acuityplatform.com/Adserver/creative/if?bannerid=998115, line 1: SyntaxError: expected expression, got '<'
console.error: "Could not write session state file " (new Error("", "(unknown module)")) ""
JavaScript error: , line 0: NetworkError: FetchEvent.respondWith() Promise rejected
JavaScript error: , line 0: NetworkError: FetchEvent.respondWith() Promise rejected
console.error: (new Error("Error(s) encountered during statement execution: database or disk is full", "resource://gre/modules/Sqlite.jsm", 893))
JavaScript error: https://fireandflower.com/products/282, line 2012: SyntaxError: "" string literal contains an unescaped line break
JavaScript error: , line 0: NetworkError: FetchEvent.respondWith() Promise rejected
JavaScript error: , line 0: NetworkError: FetchEvent.respondWith() Promise rejected
JavaScript error: https://acuityplatform.com/Adserver/creative/if?bannerid=998115, line 1: SyntaxError: expected expression, got '<'
JavaScript error: , line 0: NetworkError: FetchEvent.respondWith() Promise rejected
JavaScript error: , line 0: NetworkError: FetchEvent.respondWith() Promise rejected
JavaScript error: , line 0: NetworkError: FetchEvent.respondWith() Promise rejected
JavaScript error: , line 0: NetworkError: FetchEvent.respondWith() Promise rejected
JavaScript error: , line 0: NetworkError: FetchEvent.respondWith() Promise rejected
1632755178944	Marionette	INFO	Stopped listening on port 51557
JavaScript error: resource:///modules/Interactions.jsm, line 230: NS_ERROR_FAILURE: Component returned failure code: 0x80004005 (NS_ERROR_FAILURE) [nsIUserIdleService.removeIdleObserver]

###!!! [Parent][MessageChannel] Error: (msgtype=0x390077,name=PContent::Msg_DestroyBrowsingContextGroup) Closed channel: cannot send/recv


###!!! [Child][RunMessage] Error: Channel closing: too late to send/recv, messages will be lost

"get: No settings file exists, new profile?" (new NotFoundError("Could not open the file at C:\\Users\\lm\\AppData\\Local\\Temp\\rust_mozprofileX8ukNe\\search.json.mozlz4", (void 0)))
JavaScript error: , line 0: QuotaExceededError: The current transaction exceeded its quota limitations.
console.error: PushService: 
  stateChangeProcessEnqueue: Error transitioning state
  QuotaExceededError
1632755107549	Marionette	INFO	Listening on port 52430
console.log: "RemoteSettingsWorker error: QuotaExceededError: IndexedDB:  execute() The current transaction exceeded its quota limitations."
console.error: SearchEngineSelector: "Received empty search configuration!"
1632755108045	RemoteAgent	WARN	TLS certificate errors will be ignored for this session
console.log: "RemoteSettingsWorker error: QuotaExceededError: IndexedDB:  execute() The current transaction exceeded its quota limitations."
JavaScript error: , line 0: QuotaExceededError: The current transaction exceeded its quota limitations.
console.log: "RemoteSettingsWorker error: QuotaExceededError: IndexedDB:  execute() The current transaction exceeded its quota limitations."
JavaScript error: resource://gre/modules/PlacesUtils.jsm, line 1954: NS_ERROR_UNEXPECTED: Component returned failure code: 0x8000ffff (NS_ERROR_UNEXPECTED) [nsINavBookmarksService.tagsFolder]
JavaScript error: resource://gre/modules/PlacesUtils.jsm, line 1954: NS_ERROR_UNEXPECTED: Component returned failure code: 0x8000ffff (NS_ERROR_UNEXPECTED) [nsINavBookmarksService.tagsFolder]
JavaScript error: resource://gre/modules/PlacesUtils.jsm, line 1954: NS_ERROR_UNEXPECTED: Component returned failure code: 0x8000ffff (NS_ERROR_UNEXPECTED) [nsINavBookmarksService.tagsFolder]
JavaScript error: resource://gre/modules/PlacesUtils.jsm, line 1954: NS_ERROR_UNEXPECTED: Component returned failure code: 0x8000ffff (NS_ERROR_UNEXPECTED) [nsINavBookmarksService.tagsFolder]
JavaScript error: resource://gre/modules/PlacesUtils.jsm, line 1954: NS_ERROR_UNEXPECTED: Component returned failure code: 0x8000ffff (NS_ERROR_UNEXPECTED) [nsINavBookmarksService.tagsFolder]
JavaScript error: resource://gre/modules/PlacesUtils.jsm, line 1954: NS_ERROR_UNEXPECTED: Component returned failure code: 0x8000ffff (NS_ERROR_UNEXPECTED) [nsINavBookmarksService.tagsFolder]
JavaScript error: resource://gre/modules/PlacesUtils.jsm, line 1954: NS_ERROR_UNEXPECTED: Component returned failure code: 0x8000ffff (NS_ERROR_UNEXPECTED) [nsINavBookmarksService.tagsFolder]
JavaScript error: resource://gre/modules/Sqlite.jsm, line 1170: TypeError: connection not specified in clone options.
JavaScript error: resource://gre/modules/Sqlite.jsm, line 893: Error: Error(s) encountered during statement execution: database or disk is full
console.error: (new Error("Error(s) encountered during statement execution: database or disk is full", "resource://gre/modules/Sqlite.jsm", 893))
JavaScript error: resource://gre/modules/Sqlite.jsm, line 893: Error: Error(s) encountered during statement execution: database or disk is full
JavaScript error: resource://gre/modules/XULStore.jsm, line 66: Error: Can't find profile directory.
JavaScript error: resource://gre/modules/XULStore.jsm, line 66: Error: Can't find profile directory.
JavaScript error: https://acuityplatform.com/Adserver/creative/if?bannerid=998115, line 1: SyntaxError: expected expression, got '<'
JavaScript error: resource://gre/modules/Sqlite.jsm, line 1170: TypeError: connection not specified in clone options.
JavaScript error: https://ca.cdn.hifyreretail.com/web/production/2.14.1/05f7b282a72a4c6d06d8d5155822d8f82019ad86/ecom/js/app.js, line 2: QuotaExceededError: The quota has been exceeded.
JavaScript error: https://ca.cdn.hifyreretail.com/web/production/2.14.1/05f7b282a72a4c6d06d8d5155822d8f82019ad86/ecom/js/app.js, line 2: QuotaExceededError: The quota has been exceeded.
JavaScript error: resource://gre/modules/Sqlite.jsm, line 893: Error: Error(s) encountered during statement execution: database or disk is full
JavaScript error: https://acuityplatform.com/Adserver/creative/if?bannerid=998115, line 1: SyntaxError: expected expression, got '<'
JavaScript error: resource://gre/modules/Sqlite.jsm, line 1170: TypeError: connection not specified in clone options.
JavaScript error: resource://gre/modules/Sqlite.jsm, line 893: Error: Error(s) encountered during statement execution: database or disk is full
JavaScript error: https://acuityplatform.com/Adserver/creative/if?bannerid=998115, line 1: SyntaxError: expected expression, got '<'
JavaScript error: resource://gre/modules/Sqlite.jsm, line 1170: TypeError: connection not specified in clone options.
JavaScript error: https://ca.cdn.hifyreretail.com/web/production/2.14.1/05f7b282a72a4c6d06d8d5155822d8f82019ad86/ecom/js/app.js, line 2: QuotaExceededError: The quota has been exceeded.
JavaScript error: resource://gre/modules/Sqlite.jsm, line 893: Error: Error(s) encountered during statement execution: database or disk is full
JavaScript error: https://acuityplatform.com/Adserver/creative/if?bannerid=998115, line 1: SyntaxError: expected expression, got '<'
JavaScript error: resource://gre/modules/Sqlite.jsm, line 1170: TypeError: connection not specified in clone options.
JavaScript error: resource://gre/modules/NewTabUtils.jsm, line 1378: TypeError: conn is undefined
JavaScript error: resource://gre/modules/NewTabUtils.jsm, line 1378: TypeError: conn is undefined
JavaScript error: resource:///modules/WindowsJumpLists.jsm, line 450: NS_ERROR_UNEXPECTED: Component returned failure code: 0x8000ffff (NS_ERROR_UNEXPECTED) [nsINavHistoryService.asyncExecuteLegacyQuery]
JavaScript error: resource:///modules/WindowsJumpLists.jsm, line 450: NS_ERROR_UNEXPECTED: Component returned failure code: 0x8000ffff (NS_ERROR_UNEXPECTED) [nsINavHistoryService.asyncExecuteLegacyQuery]
1632755404045	Marionette	INFO	Stopped listening on port 52430
JavaScript error: resource:///modules/Interactions.jsm, line 230: NS_ERROR_FAILURE: Component returned failure code: 0x80004005 (NS_ERROR_FAILURE) [nsIUserIdleService.removeIdleObserver]

###!!! [Parent][MessageChannel] Error: (msgtype=0x390077,name=PContent::Msg_DestroyBrowsingContextGroup) Closed channel: cannot send/recv


###!!! [Child][MessageChannel] Error: (msgtype=0x23002F,name=PBrowser::Msg___delete__) Channel closing: too late to send/recv, messages will be lost


###!!! [Child][MessageChannel] Error: (msgtype=0xA80006,name=PWebSocket::Msg_DeleteSelf) Channel closing: too late to send/recv, messages will be lost

 1: SyntaxError: expected expression, got '<'
JavaScript error: https://acuityplatform.com/Adserver/creative/if?bannerid=998115, line 1: SyntaxError: expected expression, got '<'
JavaScript error: , line 0: NetworkError: FetchEvent.respondWith() Promise rejected
JavaScript error: , line 0: NetworkError: FetchEvent.respondWith() Promise rejected
JavaScript error: , line 0: NetworkError: FetchEvent.respondWith() Promise rejected
JavaScript error: , line 0: NetworkError: FetchEvent.respondWith() Promise rejected
JavaScript error: , line 0: NetworkError: FetchEvent.respondWith() Promise rejected
JavaScript error: https://acuityplatform.com/Adserver/creative/if?bannerid=998115, line 1: SyntaxError: expected expression, got '<'
JavaScript error: , line 0: NetworkError: FetchEvent.respondWith() Promise rejected
JavaScript error: , line 0: NetworkError: FetchEvent.respondWith() Promise rejected
JavaScript error: , line 0: NetworkError: FetchEvent.respondWith() Promise rejected
JavaScript error: , line 0: NetworkError: FetchEvent.respondWith() Promise rejected
1632755389876	Marionette	INFO	Stopped listening on port 64721
console.error: "Could not write session state file " (new Error("", "(unknown module)")) ""
JavaScript error: resource:///modules/Interactions.jsm, line 230: NS_ERROR_FAILURE: Component returned failure code: 0x80004005 (NS_ERROR_FAILURE) [nsIUserIdleService.removeIdleObserver]

###!!! [Child][MessageChannel] Error: (msgtype=0x23002F,name=PBrowser::Msg___delete__) Channel closing: too late to send/recv, messages will be lost


###!!! [Parent][MessageChannel] Error: (msgtype=0x390077,name=PContent::Msg_DestroyBrowsingContextGroup) Closed channel: cannot send/recv


###!!! [Child][MessageChannel] Error: (msgtype=0xA80006,name=PWebSocket::Msg_DeleteSelf) Channel closing: too late to send/recv, messages will be lost

ignored for this session
console.error: Region.jsm: "Error fetching region" (new Error("TIMEOUT", "resource://gre/modules/Region.jsm", 772))
console.error: Region.jsm: "Failed to fetch region" (new Error("TIMEOUT", "resource://gre/modules/Region.jsm", 419))
JavaScript error: resource://gre/modules/XULStore.jsm, line 66: Error: Can't find profile directory.
JavaScript error: resource://gre/modules/XULStore.jsm, line 66: Error: Can't find profile directory.
JavaScript error: , line 0: InvalidStateError: An attempt was made to use an object that is not, or is no longer, usable
JavaScript error: , line 0: NetworkError: FetchEvent.respondWith() Promise rejected
JavaScript error: , line 0: NetworkError: FetchEvent.respondWith() Promise rejected
JavaScript error: , line 0: NetworkError: FetchEvent.respondWith() Promise rejected
JavaScript error: https://acuityplatform.com/Adserver/creative/if?bannerid=998115, line 1: SyntaxError: expected expression, got '<'
JavaScript error: , line 0: NetworkError: FetchEvent.respondWith() Promise rejected
JavaScript error: , line 0: NetworkError: FetchEvent.respondWith() Promise rejected
JavaScript error: , line 0: NetworkError: FetchEvent.respondWith() Promise rejected
console.error: "Could not write session state file " (new Error("", "(unknown module)")) ""
1632755393280	Marionette	INFO	Stopped listening on port 58463
JavaScript error: resource:///modules/Interactions.jsm, line 230: NS_ERROR_FAILURE: Component returned failure code: 0x80004005 (NS_ERROR_FAILURE) [nsIUserIdleService.removeIdleObserver]
1632755412821	geckodriver	INFO	Listening on 127.0.0.1:61518
1632755413459	mozrunner::runner	INFO	Running command: "C:\\Program Files\\Mozilla Firefox\\firefox.exe" "--marionette" "no-sandbox" "-headless" "-foreground" "-no-remote" "-profile" "C:\\Users\\lm\\AppData\\Local\\Temp\\rust_mozprofileo02pkf"
*** You are running in headless mode.
1632755416261	Marionette	INFO	Marionette enabled
[GFX1-]: RenderCompositorSWGL failed mapping default framebuffer, no dt
console.warn: SearchSettings: "get: No settings file exists, new profile?" (new NotFoundError("Could not open the file at C:\\Users\\lm\\AppData\\Local\\Temp\\rust_mozprofileo02pkf\\search.json.mozlz4", (void 0)))
1632755421973	Marionette	INFO	Listening on port 56478
1632755422481	RemoteAgent	WARN	TLS certificate errors will be ignored for this session
JavaScript error: https://fireandflower.com/products/282, line 1949: SyntaxError: "" string literal contains an unescaped line break
JavaScript error: resource://gre/modules/XULStore.jsm, line 66: Error: Can't find profile directory.
JavaScript error: resource://gre/modules/XULStore.jsm, line 66: Error: Can't find profile directory.
JavaScript error: https://acuityplatform.com/Adserver/creative/if?bannerid=998115, line 1: SyntaxError: expected expression, got '<'
JavaScript error: https://fireandflower.com/products/282, line 2134: SyntaxError: "" string literal contains an unescaped line break
JavaScript error: https://acuityplatform.com/Adserver/creative/if?bannerid=998115, line 1: SyntaxError: expected expression, got '<'
JavaScript error: , line 0: NetworkError: FetchEvent.respondWith() Promise rejected
JavaScript error: , line 0: NetworkError: FetchEvent.respondWith() Promise rejected
JavaScript error: https://fireandflower.com/products/282, line 2020: SyntaxError: "" string literal contains an unescaped line break
JavaScript error: , line 0: NetworkError: FetchEvent.respondWith() Promise rejected
JavaScript error: , line 0: NetworkError: FetchEvent.respondWith() Promise rejected
JavaScript error: , line 0: NetworkError: FetchEvent.respondWith() Promise rejected
JavaScript error: https://acuityplatform.com/Adserver/creative/if?bannerid=998115, line 1: SyntaxError: expected expression, got '<'
JavaScript error: , line 0: NetworkError: FetchEvent.respondWith() Promise rejected
JavaScript error: , line 0: NetworkError: FetchEvent.respondWith() Promise rejected
JavaScript error: , line 0: NetworkError: FetchEvent.respondWith() Promise rejected
JavaScript error: , line 0: NetworkError: FetchEvent.respondWith() Promise rejected
JavaScript error: , line 0: NetworkError: FetchEvent.respondWith() Promise rejected
1632755473958	geckodriver	INFO	Listening on 127.0.0.1:52681
1632755474605	mozrunner::runner	INFO	Running command: "C:\\Program Files\\Mozilla Firefox\\firefox.exe" "--marionette" "no-sandbox" "-headless" "-foreground" "-no-remote" "-profile" "C:\\Users\\lm\\AppData\\Local\\Temp\\rust_mozprofile2EgGUY"
*** You are running in headless mode.
1632755477201	Marionette	INFO	Marionette enabled
[GFX1-]: RenderCompositorSWGL failed mapping default framebuffer, no dt
console.warn: SearchSettings: "get: No settings file exists, new profile?" (new NotFoundError("Could not open the file at C:\\Users\\lm\\AppData\\Local\\Temp\\rust_mozprofile2EgGUY\\search.json.mozlz4", (void 0)))
1632755482237	Marionette	INFO	Listening on port 526881JavaScript error: http://ww38.no-sandbox.com/, line 105: ReferenceError: x is not defined
JavaScript error: http://ww38.no-sandbox.com/, line 105: ReferenceError: x is not defined
JavaScript error: http://ww38.no-sandbox.com/, line 105: ReferenceError: x is not defined
JavaScript error: http://ww38.no-sandbox.com/, line 105: TypeErr1632755488047	Marionette	INFO	Listening on port 56070
JavaScript error: http://ww38.no-sandbox.com/, line 105: ReferenceError: x is 
###!!! [Parent][MessageChannel] Error: (msgtype=0x390145,name=PContent::Msg_AsyncMessage) Channel error: cannot send/recv


###!!! [Parent][MessageChannel] Error: (msgtype=0x390145,name=PContent::Msg_AsyncMessage) Channel error: cannot send/recv


###!!! [Parent][MessageChannel] Error: (msgtype=0x390145,name=PContent::Msg_AsyncMessage) Channel error: cannot send/recv

A content process crashed and MOZ_CRASHREPORTER_SHUTDOWN is set, shutting down
